<?xml version="1.0" encoding="UTF-8"?>
<testsuite xmlns:xsi="http://www.w3.org/2001/XMLSchema-instance" xsi:noNamespaceSchemaLocation="https://maven.apache.org/surefire/maven-surefire-plugin/xsd/surefire-test-report-3.0.xsd" version="3.0" name="modelo.MensajeTest" time="0.027" tests="4" errors="0" skipped="0" failures="3">
  <properties>
[...]
</properties>
  <testcase name="testToString" classname="modelo.MensajeTest" time="0.016">
    <failure message="expected: &lt;[Mensaje: Mensaje de prueba | Fecha: 2025-04-05 19:14:51 | Es mío: false]&gt; but was: &lt;modelo.Mensaje@3972a855&gt;" type="org.opentest4j.AssertionFailedError"><![CDATA[org.opentest4j.AssertionFailedError: expected: <[Mensaje: Mensaje de prueba | Fecha: 2025-04-05 19:14:51 | Es mío: false]> but was: <modelo.Mensaje@3972a855>
	at org.junit.jupiter.api.AssertionFailureBuilder.build(AssertionFailureBuilder.java:151)
	at org.junit.jupiter.api.AssertionFailureBuilder.buildAndThrow(AssertionFailureBuilder.java:132)
	at org.junit.jupiter.api.AssertEquals.failNotEqual(AssertEquals.java:197)
	at org.junit.jupiter.api.AssertEquals.assertEquals(AssertEquals.java:182)
	at org.junit.jupiter.api.AssertEquals.assertEquals(AssertEquals.java:177)
	at org.junit.jupiter.api.Assertions.assertEquals(Assertions.java:1145)
	at modelo.MensajeTest.testToString(MensajeTest.java:61)
	at java.base/java.lang.reflect.Method.invoke(Method.java:580)
	at java.base/java.util.ArrayList.forEach(ArrayList.java:1597)
	at java.base/java.util.ArrayList.forEach(ArrayList.java:1597)
]]></failure>
  </testcase>
  <testcase name="testGetters" classname="modelo.MensajeTest" time="0.001"/>
  <testcase name="testEquals" classname="modelo.MensajeTest" time="0.001">
    <failure message="expected: &lt;modelo.Mensaje@2abf4075&gt; but was: &lt;modelo.Mensaje@770d3326&gt;" type="org.opentest4j.AssertionFailedError"><![CDATA[org.opentest4j.AssertionFailedError: expected: <modelo.Mensaje@2abf4075> but was: <modelo.Mensaje@770d3326>
	at org.junit.jupiter.api.AssertionFailureBuilder.build(AssertionFailureBuilder.java:151)
	at org.junit.jupiter.api.AssertionFailureBuilder.buildAndThrow(AssertionFailureBuilder.java:132)
	at org.junit.jupiter.api.AssertEquals.failNotEqual(AssertEquals.java:197)
	at org.junit.jupiter.api.AssertEquals.assertEquals(AssertEquals.java:182)
	at org.junit.jupiter.api.AssertEquals.assertEquals(AssertEquals.java:177)
	at org.junit.jupiter.api.Assertions.assertEquals(Assertions.java:1145)
	at modelo.MensajeTest.testEquals(MensajeTest.java:46)
	at java.base/java.lang.reflect.Method.invoke(Method.java:580)
	at java.base/java.util.ArrayList.forEach(ArrayList.java:1597)
	at java.base/java.util.ArrayList.forEach(ArrayList.java:1597)
]]></failure>
  </testcase>
  <testcase name="testConstructor" classname="modelo.MensajeTest" time="0.003">
    <failure message="No debería aceptar un contenido nulo. ==&gt; Expected java.lang.IllegalArgumentException to be thrown, but nothing was thrown." type="org.opentest4j.AssertionFailedError"><![CDATA[org.opentest4j.AssertionFailedError: No debería aceptar un contenido nulo. ==> Expected java.lang.IllegalArgumentException to be thrown, but nothing was thrown.
	at org.junit.jupiter.api.AssertionFailureBuilder.build(AssertionFailureBuilder.java:152)
	at org.junit.jupiter.api.AssertThrows.assertThrows(AssertThrows.java:73)
	at org.junit.jupiter.api.AssertThrows.assertThrows(AssertThrows.java:39)
	at org.junit.jupiter.api.Assertions.assertThrows(Assertions.java:3153)
	at modelo.MensajeTest.testConstructor(MensajeTest.java:12)
	at java.base/java.lang.reflect.Method.invoke(Method.java:580)
	at java.base/java.util.ArrayList.forEach(ArrayList.java:1597)
	at java.base/java.util.ArrayList.forEach(ArrayList.java:1597)
]]></failure>
  </testcase>
</testsuite>