<?xml version="1.0" encoding="UTF-8"?>
<testsuite xmlns:xsi="http://www.w3.org/2001/XMLSchema-instance" xsi:noNamespaceSchemaLocation="https://maven.apache.org/surefire/maven-surefire-plugin/xsd/surefire-test-report-3.0.xsd" version="3.0" name="grupo10.messenger.backend.modelo.UsuarioTest" time="0.016" tests="7" errors="1" skipped="0" failures="1">
  <properties>
[...]
</properties>
  <testcase name="testAgregarContacto" classname="grupo10.messenger.backend.modelo.UsuarioTest" time="0.004">
    <error message="El nickname no puede ser nulo, vacío o mayor a 16 caracteres." type="java.lang.IllegalArgumentException"><![CDATA[java.lang.IllegalArgumentException: El nickname no puede ser nulo, vacío o mayor a 16 caracteres.
	at grupo10.messenger.backend.modelo.Persona.<init>(Persona.java:13)
	at grupo10.messenger.backend.modelo.Contacto.<init>(Contacto.java:7)
	at grupo10.messenger.backend.modelo.Usuario.agregarContacto(Usuario.java:27)
	at grupo10.messenger.backend.modelo.UsuarioTest.testAgregarContacto(UsuarioTest.java:89)
	at java.base/java.lang.reflect.Method.invoke(Method.java:580)
	at java.base/java.util.ArrayList.forEach(ArrayList.java:1597)
	at java.base/java.util.ArrayList.forEach(ArrayList.java:1597)
]]></error>
  </testcase>
  <testcase name="testBuscarContacto" classname="grupo10.messenger.backend.modelo.UsuarioTest" time="0.001"/>
  <testcase name="testAgregarConversacion" classname="grupo10.messenger.backend.modelo.UsuarioTest" time="0.002"/>
  <testcase name="testAgregarMensaje" classname="grupo10.messenger.backend.modelo.UsuarioTest" time="0.002">
    <failure message="No debería permitir agregar un mensaje nulo. ==&gt; expected: &lt;false&gt; but was: &lt;true&gt;" type="org.opentest4j.AssertionFailedError"><![CDATA[org.opentest4j.AssertionFailedError: No debería permitir agregar un mensaje nulo. ==> expected: <false> but was: <true>
	at org.junit.jupiter.api.AssertionFailureBuilder.build(AssertionFailureBuilder.java:151)
	at org.junit.jupiter.api.AssertionFailureBuilder.buildAndThrow(AssertionFailureBuilder.java:132)
	at org.junit.jupiter.api.AssertFalse.failNotFalse(AssertFalse.java:63)
	at org.junit.jupiter.api.AssertFalse.assertFalse(AssertFalse.java:36)
	at org.junit.jupiter.api.Assertions.assertFalse(Assertions.java:239)
	at grupo10.messenger.backend.modelo.UsuarioTest.testAgregarMensaje(UsuarioTest.java:178)
	at java.base/java.lang.reflect.Method.invoke(Method.java:580)
	at java.base/java.util.ArrayList.forEach(ArrayList.java:1597)
	at java.base/java.util.ArrayList.forEach(ArrayList.java:1597)
]]></failure>
  </testcase>
  <testcase name="testBuscarConversacion" classname="grupo10.messenger.backend.modelo.UsuarioTest" time="0.001"/>
  <testcase name="testGetConversaciones" classname="grupo10.messenger.backend.modelo.UsuarioTest" time="0.001"/>
  <testcase name="testGetAgenda" classname="grupo10.messenger.backend.modelo.UsuarioTest" time="0.0"/>
</testsuite>