<?xml version="1.0" encoding="UTF-8"?>
<testsuite xmlns:xsi="http://www.w3.org/2001/XMLSchema-instance" xsi:noNamespaceSchemaLocation="https://maven.apache.org/surefire/maven-surefire-plugin/xsd/surefire-test-report-3.0.xsd" version="3.0" name="grupo10.messenger.backend.ControlTest" time="6.286" tests="1" errors="0" skipped="0" failures="1">
  <properties>
[...]
</properties>
  <testcase name="testComunicacionConcurrente" classname="grupo10.messenger.backend.ControlTest" time="6.233">
    <failure message="Conversación en instancia 2 es diferente. ==&gt; expected: &lt;true&gt; but was: &lt;false&gt;" type="org.opentest4j.AssertionFailedError"><![CDATA[org.opentest4j.AssertionFailedError: Conversación en instancia 2 es diferente. ==> expected: <true> but was: <false>
	at org.junit.jupiter.api.AssertionFailureBuilder.build(AssertionFailureBuilder.java:151)
	at org.junit.jupiter.api.AssertionFailureBuilder.buildAndThrow(AssertionFailureBuilder.java:132)
	at org.junit.jupiter.api.AssertTrue.failNotTrue(AssertTrue.java:63)
	at org.junit.jupiter.api.AssertTrue.assertTrue(AssertTrue.java:36)
	at org.junit.jupiter.api.Assertions.assertTrue(Assertions.java:214)
	at grupo10.messenger.backend.ControlTest.testComunicacionConcurrente(ControlTest.java:172)
	at java.base/java.lang.reflect.Method.invoke(Method.java:580)
	at java.base/java.util.ArrayList.forEach(ArrayList.java:1597)
	at java.base/java.util.ArrayList.forEach(ArrayList.java:1597)
]]></failure>
    <system-out><![CDATA[Servidor iniciado en el puerto 5000
Servidor iniciado en el puerto 5001
Servidor iniciado en el puerto 5002
Servidor iniciado en el puerto 5003
Servidor iniciado en el puerto 5004
Servidor iniciado en el puerto 5005
Conectado al servidor en 192.168.0.6 en el puerto 5002
Conectado al servidor en 192.168.0.6 en el puerto 5001
Conectado al servidor en 192.168.0.6 en el puerto 5001
Conectado al servidor en 192.168.0.6 en el puerto 5001
Conectado al servidor en 192.168.0.6 en el puerto 5001
Cliente conectado desde: /192.168.0.6
Cliente conectado desde: /192.168.0.6
Cliente conectado desde: /192.168.0.6
Cliente conectado desde: /192.168.0.6
Cliente conectado desde: /192.168.0.6
Mensaje recibido del cliente: Hola de User 3 a User 1 desde la IP 192.168.0.6
Mensaje recibido del cliente: Hola de User 1 a User 2 desde la IP 192.168.0.6
Mensaje recibido del cliente: Hola de User 4 a User 1 desde la IP 192.168.0.6
Mensaje recibido del cliente: Hola de User 5 a User 1 desde la IP 192.168.0.6
Mensaje recibido del cliente: Hola de User 2 a User 1 desde la IP 192.168.0.6
true
true
true
true
true
Conexion cerrada con el servidor
Conexion cerrada con el servidor
Conexion cerrada con el servidor
Conexion cerrada con el servidor
Conexion cerrada con el servidor
Conectado al servidor en 192.168.0.6 en el puerto 5003
Conectado al servidor en 192.168.0.6 en el puerto 5003
Conectado al servidor en 192.168.0.6 en el puerto 5002
Cliente conectado desde: /192.168.0.6
Cliente conectado desde: /192.168.0.6
true
Cliente conectado desde: /192.168.0.6
true
true
Conectado al servidor en 192.168.0.6 en el puerto 5002
Cliente conectado desde: /192.168.0.6
true
Cliente conectado desde: /192.168.0.6
Conectado al servidor en 192.168.0.6 en el puerto 5002
true
Mensaje recibido del cliente: Hola de User 1 a User 3 desde la IP 192.168.0.6
Mensaje recibido del cliente: Hola de User 2 a User 3 desde la IP 192.168.0.6
Conexion cerrada con el servidor
Conexion cerrada con el servidor
Conectado al servidor en 192.168.0.6 en el puerto 5004
Cliente conectado desde: /192.168.0.6
Mensaje recibido del cliente: Hola de User 4 a User 2 desde la IP 192.168.0.6
Conexion cerrada con el servidor
Conectado al servidor en 192.168.0.6 en el puerto 5004
Cliente conectado desde: /192.168.0.6
true
true
Mensaje recibido del cliente: Hola de User 3 a User 2 desde la IP 192.168.0.6
Conexion cerrada con el servidor
Mensaje recibido del cliente: Hola de User 5 a User 2 desde la IP 192.168.0.6
Conexion cerrada con el servidor
Conectado al servidor en 192.168.0.6 en el puerto 5004
Cliente conectado desde: /192.168.0.6
Mensaje recibido del cliente: Hola de User 2 a User 4 desde la IP 192.168.0.6
Conexion cerrada con el servidor
true
Mensaje recibido del cliente: Hola de User 1 a User 4 desde la IP 192.168.0.6
Conexion cerrada con el servidor
Conectado al servidor en 192.168.0.6 en el puerto 5005
Mensaje recibido del cliente: Hola de User 3 a User 4 desde la IP 192.168.0.6
Cliente conectado desde: /192.168.0.6
Conexion cerrada con el servidor
true
Conectado al servidor en 192.168.0.6 en el puerto 5003
Cliente conectado desde: /192.168.0.6
Cliente conectado desde: /192.168.0.6
Conectado al servidor en 192.168.0.6 en el puerto 5003
Cliente conectado desde: /192.168.0.6
Conectado al servidor en 192.168.0.6 en el puerto 5005
true
true
Conectado al servidor en 192.168.0.6 en el puerto 5005
Cliente conectado desde: /192.168.0.6
Mensaje recibido del cliente: Hola de User 1 a User 5 desde la IP 192.168.0.6
true
Mensaje recibido del cliente: Hola de User 4 a User 3 desde la IP 192.168.0.6
Conexion cerrada con el servidor
true
Conexion cerrada con el servidor
Mensaje recibido del cliente: Hola de User 3 a User 5 desde la IP 192.168.0.6
Conexion cerrada con el servidor
Mensaje recibido del cliente: Hola de User 2 a User 5 desde la IP 192.168.0.6
Mensaje recibido del cliente: Hola de User 5 a User 3 desde la IP 192.168.0.6
Conectado al servidor en 192.168.0.6 en el puerto 5004
Cliente conectado desde: /192.168.0.6
Conexion cerrada con el servidor
Conexion cerrada con el servidor
Conectado al servidor en 192.168.0.6 en el puerto 5005
Cliente conectado desde: /192.168.0.6
true
Mensaje recibido del cliente: Hola de User 5 a User 4 desde la IP 192.168.0.6
Conexion cerrada con el servidor
Mensaje recibido del cliente: Hola de User 4 a User 5 desde la IP 192.168.0.6
true
Conexion cerrada con el servidor
]]></system-out>
  </testcase>
</testsuite>