<?xml version="1.0" encoding="UTF-8"?>
<testsuite xmlns:xsi="http://www.w3.org/2001/XMLSchema-instance" xsi:noNamespaceSchemaLocation="https://maven.apache.org/surefire/maven-surefire-plugin/xsd/surefire-test-report-3.0.xsd" version="3.0" name="grupo10.messenger.backend.control.ControlTest" time="7.178" tests="21" errors="5" skipped="0" failures="11">
  <properties>
[...]
</properties>
  <testcase name="testAgregarContacto" classname="grupo10.messenger.backend.control.ControlTest" time="1.017">
    <system-out><![CDATA[Servidor iniciado en el puerto 5000
]]></system-out>
  </testcase>
  <testcase name="testRecibirMensaje_MensajeRedEnOrden" classname="grupo10.messenger.backend.control.ControlTest" time="0.025">
    <error message="Cannot invoke &quot;grupo10.messenger.backend.modelo.Usuario.agregarContacto(String, String, int)&quot; because &quot;this.usuario&quot; is null" type="java.lang.NullPointerException"><![CDATA[java.lang.NullPointerException: Cannot invoke "grupo10.messenger.backend.modelo.Usuario.agregarContacto(String, String, int)" because "this.usuario" is null
	at grupo10.messenger.backend.control.Control.agregarContacto(Control.java:71)
	at grupo10.messenger.backend.control.ControlTest.testRecibirMensaje_MensajeRedEnOrden(ControlTest.java:403)
	at java.base/java.lang.reflect.Method.invoke(Method.java:580)
	at java.base/java.util.ArrayList.forEach(ArrayList.java:1597)
	at java.base/java.util.ArrayList.forEach(ArrayList.java:1597)
]]></error>
    <system-out><![CDATA[Servidor no se pudo conectar
]]></system-out>
    <system-err><![CDATA[mar 29, 2025 8:55:59 P. M. grupo10.messenger.backend.red.Server run
SEVERE: null
java.io.IOException: No se puedo generar conexion con el puerto desde el servidor
	at grupo10.messenger.backend.red.Server.iniciarServidor(Server.java:48)
	at grupo10.messenger.backend.red.Server.run(Server.java:63)
	at java.base/java.lang.Thread.run(Thread.java:1575)

]]></system-err>
  </testcase>
  <testcase name="testSingletonInstance" classname="grupo10.messenger.backend.control.ControlTest" time="0.003">
    <system-out><![CDATA[Servidor no se pudo conectar
]]></system-out>
    <system-err><![CDATA[mar 29, 2025 8:55:59 P. M. grupo10.messenger.backend.red.Server run
SEVERE: null
java.io.IOException: No se puedo generar conexion con el puerto desde el servidor
	at grupo10.messenger.backend.red.Server.iniciarServidor(Server.java:48)
	at grupo10.messenger.backend.red.Server.run(Server.java:63)
	at java.base/java.lang.Thread.run(Thread.java:1575)

]]></system-err>
  </testcase>
  <testcase name="testEnviarMensajeParametrosInvalidos" classname="grupo10.messenger.backend.control.ControlTest" time="1.02">
    <failure message="Excepción en la prueba: El contenido del mensaje no puede ser nulo o vacío." type="org.opentest4j.AssertionFailedError"><![CDATA[org.opentest4j.AssertionFailedError: Excepción en la prueba: El contenido del mensaje no puede ser nulo o vacío.
	at org.junit.jupiter.api.AssertionUtils.fail(AssertionUtils.java:38)
	at org.junit.jupiter.api.Assertions.fail(Assertions.java:138)
	at grupo10.messenger.backend.control.ControlTest.testEnviarMensajeParametrosInvalidos(ControlTest.java:244)
	at java.base/java.lang.reflect.Method.invoke(Method.java:580)
	at java.base/java.util.ArrayList.forEach(ArrayList.java:1597)
	at java.base/java.util.ArrayList.forEach(ArrayList.java:1597)
]]></failure>
    <system-out><![CDATA[Servidor no se pudo conectar
Servidor iniciado en el puerto 5002
]]></system-out>
    <system-err><![CDATA[mar 29, 2025 8:55:59 P. M. grupo10.messenger.backend.red.Server run
SEVERE: null
java.io.IOException: No se puedo generar conexion con el puerto desde el servidor
	at grupo10.messenger.backend.red.Server.iniciarServidor(Server.java:48)
	at grupo10.messenger.backend.red.Server.run(Server.java:63)
	at java.base/java.lang.Thread.run(Thread.java:1575)

]]></system-err>
  </testcase>
  <testcase name="testRegistrarParametrosInvalidos" classname="grupo10.messenger.backend.control.ControlTest" time="1.006">
    <failure message="Excepción en la prueba: El nickname no puede ser nulo, vacío o mayor a 16 caracteres." type="org.opentest4j.AssertionFailedError"><![CDATA[org.opentest4j.AssertionFailedError: Excepción en la prueba: El nickname no puede ser nulo, vacío o mayor a 16 caracteres.
	at org.junit.jupiter.api.AssertionUtils.fail(AssertionUtils.java:38)
	at org.junit.jupiter.api.Assertions.fail(Assertions.java:138)
	at grupo10.messenger.backend.control.ControlTest.testRegistrarParametrosInvalidos(ControlTest.java:84)
	at java.base/java.lang.reflect.Method.invoke(Method.java:580)
	at java.base/java.util.ArrayList.forEach(ArrayList.java:1597)
	at java.base/java.util.ArrayList.forEach(ArrayList.java:1597)
]]></failure>
    <system-out><![CDATA[Servidor no se pudo conectar
Servidor iniciado en el puerto 10000
]]></system-out>
    <system-err><![CDATA[mar 29, 2025 8:56:00 P. M. grupo10.messenger.backend.red.Server run
SEVERE: null
java.io.IOException: No se puedo generar conexion con el puerto desde el servidor
	at grupo10.messenger.backend.red.Server.iniciarServidor(Server.java:48)
	at grupo10.messenger.backend.red.Server.run(Server.java:63)
	at java.base/java.lang.Thread.run(Thread.java:1575)

Exception in thread "Thread-7" java.lang.IllegalArgumentException: Port value out of range: -1
	at java.base/java.net.ServerSocket.<init>(ServerSocket.java:270)
	at java.base/java.net.ServerSocket.<init>(ServerSocket.java:170)
	at grupo10.messenger.backend.red.Server.iniciarServidor(Server.java:34)
	at grupo10.messenger.backend.red.Server.run(Server.java:63)
	at java.base/java.lang.Thread.run(Thread.java:1575)
Exception in thread "Thread-8" java.lang.IllegalArgumentException: Port value out of range: 70000
	at java.base/java.net.ServerSocket.<init>(ServerSocket.java:270)
	at java.base/java.net.ServerSocket.<init>(ServerSocket.java:170)
	at grupo10.messenger.backend.red.Server.iniciarServidor(Server.java:34)
	at grupo10.messenger.backend.red.Server.run(Server.java:63)
	at java.base/java.lang.Thread.run(Thread.java:1575)
]]></system-err>
  </testcase>
  <testcase name="testAgregarConversacion" classname="grupo10.messenger.backend.control.ControlTest" time="0.002">
    <system-out><![CDATA[Servidor no se pudo conectar
]]></system-out>
    <system-err><![CDATA[mar 29, 2025 8:56:01 P. M. grupo10.messenger.backend.red.Server run
SEVERE: null
java.io.IOException: No se puedo generar conexion con el puerto desde el servidor
	at grupo10.messenger.backend.red.Server.iniciarServidor(Server.java:48)
	at grupo10.messenger.backend.red.Server.run(Server.java:63)
	at java.base/java.lang.Thread.run(Thread.java:1575)

]]></system-err>
  </testcase>
  <testcase name="testEnviarMensaje_SenderNoTieneContactoNiConversacionReciverNada" classname="grupo10.messenger.backend.control.ControlTest" time="1.012">
    <failure message="Excepción en la prueba: Cannot invoke &quot;grupo10.messenger.backend.modelo.Usuario.getNickname()&quot; because &quot;this.usuario&quot; is null" type="org.opentest4j.AssertionFailedError"><![CDATA[org.opentest4j.AssertionFailedError: Excepción en la prueba: Cannot invoke "grupo10.messenger.backend.modelo.Usuario.getNickname()" because "this.usuario" is null
	at org.junit.jupiter.api.AssertionUtils.fail(AssertionUtils.java:38)
	at org.junit.jupiter.api.Assertions.fail(Assertions.java:138)
	at grupo10.messenger.backend.control.ControlTest.testEnviarMensaje_SenderNoTieneContactoNiConversacionReciverNada(ControlTest.java:289)
	at java.base/java.lang.reflect.Method.invoke(Method.java:580)
	at java.base/java.util.ArrayList.forEach(ArrayList.java:1597)
	at java.base/java.util.ArrayList.forEach(ArrayList.java:1597)
]]></failure>
    <system-out><![CDATA[Servidor no se pudo conectar
Servidor no se pudo conectar
Servidor iniciado en el puerto 5003
]]></system-out>
    <system-err><![CDATA[mar 29, 2025 8:56:01 P. M. grupo10.messenger.backend.red.Server run
SEVERE: null
java.io.IOException: No se puedo generar conexion con el puerto desde el servidor
	at grupo10.messenger.backend.red.Server.iniciarServidor(Server.java:48)
	at grupo10.messenger.backend.red.Server.run(Server.java:63)
	at java.base/java.lang.Thread.run(Thread.java:1575)

mar 29, 2025 8:56:01 P. M. grupo10.messenger.backend.red.Server run
SEVERE: null
java.io.IOException: No se puedo generar conexion con el puerto desde el servidor
	at grupo10.messenger.backend.red.Server.iniciarServidor(Server.java:48)
	at grupo10.messenger.backend.red.Server.run(Server.java:63)
	at java.base/java.lang.Thread.run(Thread.java:1575)

]]></system-err>
  </testcase>
  <testcase name="testComunicacionConcurrente" classname="grupo10.messenger.backend.control.ControlTest" time="3.037">
    <failure message="Excepción en la prueba: Cannot invoke &quot;grupo10.messenger.backend.modelo.Usuario.agregarContacto(String, String, int)&quot; because &quot;this.usuario&quot; is null" type="org.opentest4j.AssertionFailedError"><![CDATA[org.opentest4j.AssertionFailedError: Excepción en la prueba: Cannot invoke "grupo10.messenger.backend.modelo.Usuario.agregarContacto(String, String, int)" because "this.usuario" is null
	at org.junit.jupiter.api.AssertionUtils.fail(AssertionUtils.java:38)
	at org.junit.jupiter.api.Assertions.fail(Assertions.java:138)
	at grupo10.messenger.backend.control.ControlTest.testComunicacionConcurrente(ControlTest.java:518)
	at java.base/java.lang.reflect.Method.invoke(Method.java:580)
	at java.base/java.util.ArrayList.forEach(ArrayList.java:1597)
	at java.base/java.util.ArrayList.forEach(ArrayList.java:1597)
]]></failure>
    <system-out><![CDATA[Servidor no se pudo conectar
Servidor iniciado en el puerto 5001
Servidor no se pudo conectar
Servidor no se pudo conectar
Servidor iniciado en el puerto 5004
Servidor iniciado en el puerto 5005
]]></system-out>
    <system-err><![CDATA[mar 29, 2025 8:56:02 P. M. grupo10.messenger.backend.red.Server run
SEVERE: null
java.io.IOException: No se puedo generar conexion con el puerto desde el servidor
	at grupo10.messenger.backend.red.Server.iniciarServidor(Server.java:48)
	at grupo10.messenger.backend.red.Server.run(Server.java:63)
	at java.base/java.lang.Thread.run(Thread.java:1575)

mar 29, 2025 8:56:03 P. M. grupo10.messenger.backend.red.Server run
SEVERE: null
java.io.IOException: No se puedo generar conexion con el puerto desde el servidor
	at grupo10.messenger.backend.red.Server.iniciarServidor(Server.java:48)
	at grupo10.messenger.backend.red.Server.run(Server.java:63)
	at java.base/java.lang.Thread.run(Thread.java:1575)

mar 29, 2025 8:56:03 P. M. grupo10.messenger.backend.red.Server run
SEVERE: null
java.io.IOException: No se puedo generar conexion con el puerto desde el servidor
	at grupo10.messenger.backend.red.Server.iniciarServidor(Server.java:48)
	at grupo10.messenger.backend.red.Server.run(Server.java:63)
	at java.base/java.lang.Thread.run(Thread.java:1575)

]]></system-err>
  </testcase>
  <testcase name="testRegistrarUsuario" classname="grupo10.messenger.backend.control.ControlTest" time="0.004">
    <failure message="La IP del usuario no coincide ==&gt; expected: &lt;192.168.1.10&gt; but was: &lt;192.168.0.6&gt;" type="org.opentest4j.AssertionFailedError"><![CDATA[org.opentest4j.AssertionFailedError: La IP del usuario no coincide ==> expected: <192.168.1.10> but was: <192.168.0.6>
	at org.junit.jupiter.api.AssertionFailureBuilder.build(AssertionFailureBuilder.java:151)
	at org.junit.jupiter.api.AssertionFailureBuilder.buildAndThrow(AssertionFailureBuilder.java:132)
	at org.junit.jupiter.api.AssertEquals.failNotEqual(AssertEquals.java:197)
	at org.junit.jupiter.api.AssertEquals.assertEquals(AssertEquals.java:182)
	at org.junit.jupiter.api.Assertions.assertEquals(Assertions.java:1156)
	at grupo10.messenger.backend.control.ControlTest.testRegistrarUsuario(ControlTest.java:51)
	at java.base/java.lang.reflect.Method.invoke(Method.java:580)
	at java.base/java.util.ArrayList.forEach(ArrayList.java:1597)
	at java.base/java.util.ArrayList.forEach(ArrayList.java:1597)
]]></failure>
    <system-out><![CDATA[Servidor no se pudo conectar
]]></system-out>
    <system-err><![CDATA[mar 29, 2025 8:56:05 P. M. grupo10.messenger.backend.red.Server run
SEVERE: null
java.io.IOException: No se puedo generar conexion con el puerto desde el servidor
	at grupo10.messenger.backend.red.Server.iniciarServidor(Server.java:48)
	at grupo10.messenger.backend.red.Server.run(Server.java:63)
	at java.base/java.lang.Thread.run(Thread.java:1575)

]]></system-err>
  </testcase>
  <testcase name="testRecibirMensaje_ContactoExistenteSinConversacion" classname="grupo10.messenger.backend.control.ControlTest" time="0.002">
    <error message="Cannot invoke &quot;grupo10.messenger.backend.modelo.Usuario.agregarContacto(String, String, int)&quot; because &quot;this.usuario&quot; is null" type="java.lang.NullPointerException"><![CDATA[java.lang.NullPointerException: Cannot invoke "grupo10.messenger.backend.modelo.Usuario.agregarContacto(String, String, int)" because "this.usuario" is null
	at grupo10.messenger.backend.control.Control.agregarContacto(Control.java:71)
	at grupo10.messenger.backend.control.ControlTest.testRecibirMensaje_ContactoExistenteSinConversacion(ControlTest.java:426)
	at java.base/java.lang.reflect.Method.invoke(Method.java:580)
	at java.base/java.util.ArrayList.forEach(ArrayList.java:1597)
	at java.base/java.util.ArrayList.forEach(ArrayList.java:1597)
]]></error>
    <system-out><![CDATA[Servidor no se pudo conectar
]]></system-out>
    <system-err><![CDATA[mar 29, 2025 8:56:05 P. M. grupo10.messenger.backend.red.Server run
SEVERE: null
java.io.IOException: No se puedo generar conexion con el puerto desde el servidor
	at grupo10.messenger.backend.red.Server.iniciarServidor(Server.java:48)
	at grupo10.messenger.backend.red.Server.run(Server.java:63)
	at java.base/java.lang.Thread.run(Thread.java:1575)

]]></system-err>
  </testcase>
  <testcase name="testVerConversacion" classname="grupo10.messenger.backend.control.ControlTest" time="0.002">
    <system-out><![CDATA[Servidor no se pudo conectar
]]></system-out>
    <system-err><![CDATA[mar 29, 2025 8:56:05 P. M. grupo10.messenger.backend.red.Server run
SEVERE: null
java.io.IOException: No se puedo generar conexion con el puerto desde el servidor
	at grupo10.messenger.backend.red.Server.iniciarServidor(Server.java:48)
	at grupo10.messenger.backend.red.Server.run(Server.java:63)
	at java.base/java.lang.Thread.run(Thread.java:1575)

]]></system-err>
  </testcase>
  <testcase name="testEnviarMensaje_SenderTodoReciverContacto" classname="grupo10.messenger.backend.control.ControlTest" time="0.003">
    <failure message="Excepción en la prueba: Cannot invoke &quot;grupo10.messenger.backend.modelo.Usuario.agregarContacto(String, String, int)&quot; because &quot;this.usuario&quot; is null" type="org.opentest4j.AssertionFailedError"><![CDATA[org.opentest4j.AssertionFailedError: Excepción en la prueba: Cannot invoke "grupo10.messenger.backend.modelo.Usuario.agregarContacto(String, String, int)" because "this.usuario" is null
	at org.junit.jupiter.api.AssertionUtils.fail(AssertionUtils.java:38)
	at org.junit.jupiter.api.Assertions.fail(Assertions.java:138)
	at grupo10.messenger.backend.control.ControlTest.testEnviarMensaje_SenderTodoReciverContacto(ControlTest.java:338)
	at java.base/java.lang.reflect.Method.invoke(Method.java:580)
	at java.base/java.util.ArrayList.forEach(ArrayList.java:1597)
	at java.base/java.util.ArrayList.forEach(ArrayList.java:1597)
]]></failure>
    <system-out><![CDATA[Servidor no se pudo conectar
Servidor no se pudo conectar
]]></system-out>
    <system-err><![CDATA[mar 29, 2025 8:56:05 P. M. grupo10.messenger.backend.red.Server run
SEVERE: null
java.io.IOException: No se puedo generar conexion con el puerto desde el servidor
	at grupo10.messenger.backend.red.Server.iniciarServidor(Server.java:48)
	at grupo10.messenger.backend.red.Server.run(Server.java:63)
	at java.base/java.lang.Thread.run(Thread.java:1575)

mar 29, 2025 8:56:05 P. M. grupo10.messenger.backend.red.Server run
SEVERE: null
java.io.IOException: No se puedo generar conexion con el puerto desde el servidor
	at grupo10.messenger.backend.red.Server.iniciarServidor(Server.java:48)
	at grupo10.messenger.backend.red.Server.run(Server.java:63)
	at java.base/java.lang.Thread.run(Thread.java:1575)

]]></system-err>
  </testcase>
  <testcase name="testNoPermitirMismoPuertoEnMultiplesInstancias" classname="grupo10.messenger.backend.control.ControlTest" time="0.003">
    <failure message="La primera instancia debería poder registrarse correctamente. ==&gt; expected: &lt;true&gt; but was: &lt;false&gt;" type="org.opentest4j.AssertionFailedError"><![CDATA[org.opentest4j.AssertionFailedError: La primera instancia debería poder registrarse correctamente. ==> expected: <true> but was: <false>
	at org.junit.jupiter.api.AssertionFailureBuilder.build(AssertionFailureBuilder.java:151)
	at org.junit.jupiter.api.AssertionFailureBuilder.buildAndThrow(AssertionFailureBuilder.java:132)
	at org.junit.jupiter.api.AssertTrue.failNotTrue(AssertTrue.java:63)
	at org.junit.jupiter.api.AssertTrue.assertTrue(AssertTrue.java:36)
	at org.junit.jupiter.api.Assertions.assertTrue(Assertions.java:214)
	at grupo10.messenger.backend.control.ControlTest.testNoPermitirMismoPuertoEnMultiplesInstancias(ControlTest.java:101)
	at java.base/java.lang.reflect.Method.invoke(Method.java:580)
	at java.base/java.util.ArrayList.forEach(ArrayList.java:1597)
	at java.base/java.util.ArrayList.forEach(ArrayList.java:1597)
]]></failure>
    <system-out><![CDATA[Servidor no se pudo conectar
Servidor no se pudo conectar
]]></system-out>
    <system-err><![CDATA[mar 29, 2025 8:56:05 P. M. grupo10.messenger.backend.red.Server run
SEVERE: null
java.io.IOException: No se puedo generar conexion con el puerto desde el servidor
	at grupo10.messenger.backend.red.Server.iniciarServidor(Server.java:48)
	at grupo10.messenger.backend.red.Server.run(Server.java:63)
	at java.base/java.lang.Thread.run(Thread.java:1575)

mar 29, 2025 8:56:05 P. M. grupo10.messenger.backend.red.Server run
SEVERE: null
java.io.IOException: No se puedo generar conexion con el puerto desde el servidor
	at grupo10.messenger.backend.red.Server.iniciarServidor(Server.java:48)
	at grupo10.messenger.backend.red.Server.run(Server.java:63)
	at java.base/java.lang.Thread.run(Thread.java:1575)

]]></system-err>
  </testcase>
  <testcase name="testGetUsuario" classname="grupo10.messenger.backend.control.ControlTest" time="0.002">
    <system-out><![CDATA[Servidor no se pudo conectar
]]></system-out>
    <system-err><![CDATA[mar 29, 2025 8:56:05 P. M. grupo10.messenger.backend.red.Server run
SEVERE: null
java.io.IOException: No se puedo generar conexion con el puerto desde el servidor
	at grupo10.messenger.backend.red.Server.iniciarServidor(Server.java:48)
	at grupo10.messenger.backend.red.Server.run(Server.java:63)
	at java.base/java.lang.Thread.run(Thread.java:1575)

]]></system-err>
  </testcase>
  <testcase name="testRecibirMensaje_NullMensajeRed" classname="grupo10.messenger.backend.control.ControlTest" time="0.002">
    <error message="Cannot invoke &quot;grupo10.messenger.backend.modelo.MensajeRed.getContenido()&quot; because &quot;mensaje&quot; is null" type="java.lang.NullPointerException"><![CDATA[java.lang.NullPointerException: Cannot invoke "grupo10.messenger.backend.modelo.MensajeRed.getContenido()" because "mensaje" is null
	at grupo10.messenger.backend.control.Control.recibirMensaje(Control.java:120)
	at grupo10.messenger.backend.control.ControlTest.testRecibirMensaje_NullMensajeRed(ControlTest.java:390)
	at java.base/java.lang.reflect.Method.invoke(Method.java:580)
	at java.base/java.util.ArrayList.forEach(ArrayList.java:1597)
	at java.base/java.util.ArrayList.forEach(ArrayList.java:1597)
]]></error>
    <system-out><![CDATA[Servidor no se pudo conectar
]]></system-out>
    <system-err><![CDATA[mar 29, 2025 8:56:05 P. M. grupo10.messenger.backend.red.Server run
SEVERE: null
java.io.IOException: No se puedo generar conexion con el puerto desde el servidor
	at grupo10.messenger.backend.red.Server.iniciarServidor(Server.java:48)
	at grupo10.messenger.backend.red.Server.run(Server.java:63)
	at java.base/java.lang.Thread.run(Thread.java:1575)

]]></system-err>
  </testcase>
  <testcase name="testAgregarContactoParametrosInvalidos" classname="grupo10.messenger.backend.control.ControlTest" time="0.003">
    <error message="El nickname no puede ser nulo, vacío o mayor a 16 caracteres." type="java.lang.IllegalArgumentException"><![CDATA[java.lang.IllegalArgumentException: El nickname no puede ser nulo, vacío o mayor a 16 caracteres.
	at grupo10.messenger.backend.modelo.Persona.<init>(Persona.java:13)
	at grupo10.messenger.backend.modelo.Contacto.<init>(Contacto.java:7)
	at grupo10.messenger.backend.modelo.Usuario.agregarContacto(Usuario.java:27)
	at grupo10.messenger.backend.control.Control.agregarContacto(Control.java:71)
	at grupo10.messenger.backend.control.ControlTest.testAgregarContactoParametrosInvalidos(ControlTest.java:129)
	at java.base/java.lang.reflect.Method.invoke(Method.java:580)
	at java.base/java.util.ArrayList.forEach(ArrayList.java:1597)
	at java.base/java.util.ArrayList.forEach(ArrayList.java:1597)
]]></error>
    <system-out><![CDATA[Servidor no se pudo conectar
]]></system-out>
    <system-err><![CDATA[mar 29, 2025 8:56:05 P. M. grupo10.messenger.backend.red.Server run
SEVERE: null
java.io.IOException: No se puedo generar conexion con el puerto desde el servidor
	at grupo10.messenger.backend.red.Server.iniciarServidor(Server.java:48)
	at grupo10.messenger.backend.red.Server.run(Server.java:63)
	at java.base/java.lang.Thread.run(Thread.java:1575)

]]></system-err>
  </testcase>
  <testcase name="testEnviarMensaje_SenderTieneContactoNoConversacionReciverNada" classname="grupo10.messenger.backend.control.ControlTest" time="0.003">
    <failure message="Excepción en la prueba: Cannot invoke &quot;grupo10.messenger.backend.modelo.Usuario.agregarContacto(String, String, int)&quot; because &quot;this.usuario&quot; is null" type="org.opentest4j.AssertionFailedError"><![CDATA[org.opentest4j.AssertionFailedError: Excepción en la prueba: Cannot invoke "grupo10.messenger.backend.modelo.Usuario.agregarContacto(String, String, int)" because "this.usuario" is null
	at org.junit.jupiter.api.AssertionUtils.fail(AssertionUtils.java:38)
	at org.junit.jupiter.api.Assertions.fail(Assertions.java:138)
	at grupo10.messenger.backend.control.ControlTest.testEnviarMensaje_SenderTieneContactoNoConversacionReciverNada(ControlTest.java:267)
	at java.base/java.lang.reflect.Method.invoke(Method.java:580)
	at java.base/java.util.ArrayList.forEach(ArrayList.java:1597)
	at java.base/java.util.ArrayList.forEach(ArrayList.java:1597)
]]></failure>
    <system-out><![CDATA[Servidor no se pudo conectar
Servidor no se pudo conectar
]]></system-out>
    <system-err><![CDATA[mar 29, 2025 8:56:05 P. M. grupo10.messenger.backend.red.Server run
SEVERE: null
java.io.IOException: No se puedo generar conexion con el puerto desde el servidor
	at grupo10.messenger.backend.red.Server.iniciarServidor(Server.java:48)
	at grupo10.messenger.backend.red.Server.run(Server.java:63)
	at java.base/java.lang.Thread.run(Thread.java:1575)

mar 29, 2025 8:56:05 P. M. grupo10.messenger.backend.red.Server run
SEVERE: null
java.io.IOException: No se puedo generar conexion con el puerto desde el servidor
	at grupo10.messenger.backend.red.Server.iniciarServidor(Server.java:48)
	at grupo10.messenger.backend.red.Server.run(Server.java:63)
	at java.base/java.lang.Thread.run(Thread.java:1575)

]]></system-err>
  </testcase>
  <testcase name="testRecibirMensaje_SinContactoNiConversacion" classname="grupo10.messenger.backend.control.ControlTest" time="0.003">
    <error message="Cannot invoke &quot;grupo10.messenger.backend.modelo.Usuario.buscarConversacion(String, int)&quot; because &quot;this.usuario&quot; is null" type="java.lang.NullPointerException"><![CDATA[java.lang.NullPointerException: Cannot invoke "grupo10.messenger.backend.modelo.Usuario.buscarConversacion(String, int)" because "this.usuario" is null
	at grupo10.messenger.backend.control.Control.recibirMensaje(Control.java:121)
	at grupo10.messenger.backend.control.ControlTest.testRecibirMensaje_SinContactoNiConversacion(ControlTest.java:448)
	at java.base/java.lang.reflect.Method.invoke(Method.java:580)
	at java.base/java.util.ArrayList.forEach(ArrayList.java:1597)
	at java.base/java.util.ArrayList.forEach(ArrayList.java:1597)
]]></error>
    <system-out><![CDATA[Servidor no se pudo conectar
]]></system-out>
    <system-err><![CDATA[mar 29, 2025 8:56:05 P. M. grupo10.messenger.backend.red.Server run
SEVERE: null
java.io.IOException: No se puedo generar conexion con el puerto desde el servidor
	at grupo10.messenger.backend.red.Server.iniciarServidor(Server.java:48)
	at grupo10.messenger.backend.red.Server.run(Server.java:63)
	at java.base/java.lang.Thread.run(Thread.java:1575)

]]></system-err>
  </testcase>
  <testcase name="testVerConversacionParametrosInvalidos" classname="grupo10.messenger.backend.control.ControlTest" time="0.004">
    <failure message="La conversación debería existir. ==&gt; expected: not &lt;null&gt;" type="org.opentest4j.AssertionFailedError"><![CDATA[org.opentest4j.AssertionFailedError: La conversación debería existir. ==> expected: not <null>
	at org.junit.jupiter.api.AssertionFailureBuilder.build(AssertionFailureBuilder.java:152)
	at org.junit.jupiter.api.AssertionFailureBuilder.buildAndThrow(AssertionFailureBuilder.java:132)
	at org.junit.jupiter.api.AssertNotNull.failNull(AssertNotNull.java:49)
	at org.junit.jupiter.api.AssertNotNull.assertNotNull(AssertNotNull.java:35)
	at org.junit.jupiter.api.Assertions.assertNotNull(Assertions.java:312)
	at grupo10.messenger.backend.control.ControlTest.testVerConversacionParametrosInvalidos(ControlTest.java:170)
	at java.base/java.lang.reflect.Method.invoke(Method.java:580)
	at java.base/java.util.ArrayList.forEach(ArrayList.java:1597)
	at java.base/java.util.ArrayList.forEach(ArrayList.java:1597)
]]></failure>
    <system-out><![CDATA[Servidor no se pudo conectar
]]></system-out>
    <system-err><![CDATA[mar 29, 2025 8:56:05 P. M. grupo10.messenger.backend.red.Server run
SEVERE: null
java.io.IOException: No se puedo generar conexion con el puerto desde el servidor
	at grupo10.messenger.backend.red.Server.iniciarServidor(Server.java:48)
	at grupo10.messenger.backend.red.Server.run(Server.java:63)
	at java.base/java.lang.Thread.run(Thread.java:1575)

]]></system-err>
  </testcase>
  <testcase name="testEnviarMensaje_SenderTodoReciverNada" classname="grupo10.messenger.backend.control.ControlTest" time="0.004">
    <failure message="Excepción en la prueba: Cannot invoke &quot;grupo10.messenger.backend.modelo.Usuario.agregarContacto(String, String, int)&quot; because &quot;this.usuario&quot; is null" type="org.opentest4j.AssertionFailedError"><![CDATA[org.opentest4j.AssertionFailedError: Excepción en la prueba: Cannot invoke "grupo10.messenger.backend.modelo.Usuario.agregarContacto(String, String, int)" because "this.usuario" is null
	at org.junit.jupiter.api.AssertionUtils.fail(AssertionUtils.java:38)
	at org.junit.jupiter.api.Assertions.fail(Assertions.java:138)
	at grupo10.messenger.backend.control.ControlTest.testEnviarMensaje_SenderTodoReciverNada(ControlTest.java:313)
	at java.base/java.lang.reflect.Method.invoke(Method.java:580)
	at java.base/java.util.ArrayList.forEach(ArrayList.java:1597)
	at java.base/java.util.ArrayList.forEach(ArrayList.java:1597)
]]></failure>
    <system-out><![CDATA[Servidor no se pudo conectar
Servidor no se pudo conectar
]]></system-out>
    <system-err><![CDATA[mar 29, 2025 8:56:05 P. M. grupo10.messenger.backend.red.Server run
SEVERE: null
java.io.IOException: No se puedo generar conexion con el puerto desde el servidor
	at grupo10.messenger.backend.red.Server.iniciarServidor(Server.java:48)
	at grupo10.messenger.backend.red.Server.run(Server.java:63)
	at java.base/java.lang.Thread.run(Thread.java:1575)

mar 29, 2025 8:56:05 P. M. grupo10.messenger.backend.red.Server run
SEVERE: null
java.io.IOException: No se puedo generar conexion con el puerto desde el servidor
	at grupo10.messenger.backend.red.Server.iniciarServidor(Server.java:48)
	at grupo10.messenger.backend.red.Server.run(Server.java:63)
	at java.base/java.lang.Thread.run(Thread.java:1575)

]]></system-err>
  </testcase>
  <testcase name="testEnviarMensaje_SenderTodoReciverTodo" classname="grupo10.messenger.backend.control.ControlTest" time="0.003">
    <failure message="Excepción en la prueba: Cannot invoke &quot;grupo10.messenger.backend.modelo.Usuario.agregarContacto(String, String, int)&quot; because &quot;this.usuario&quot; is null" type="org.opentest4j.AssertionFailedError"><![CDATA[org.opentest4j.AssertionFailedError: Excepción en la prueba: Cannot invoke "grupo10.messenger.backend.modelo.Usuario.agregarContacto(String, String, int)" because "this.usuario" is null
	at org.junit.jupiter.api.AssertionUtils.fail(AssertionUtils.java:38)
	at org.junit.jupiter.api.Assertions.fail(Assertions.java:138)
	at grupo10.messenger.backend.control.ControlTest.testEnviarMensaje_SenderTodoReciverTodo(ControlTest.java:377)
	at java.base/java.lang.reflect.Method.invoke(Method.java:580)
	at java.base/java.util.ArrayList.forEach(ArrayList.java:1597)
	at java.base/java.util.ArrayList.forEach(ArrayList.java:1597)
]]></failure>
    <system-out><![CDATA[Servidor no se pudo conectar
Servidor no se pudo conectar
]]></system-out>
    <system-err><![CDATA[mar 29, 2025 8:56:05 P. M. grupo10.messenger.backend.red.Server run
SEVERE: null
java.io.IOException: No se puedo generar conexion con el puerto desde el servidor
	at grupo10.messenger.backend.red.Server.iniciarServidor(Server.java:48)
	at grupo10.messenger.backend.red.Server.run(Server.java:63)
	at java.base/java.lang.Thread.run(Thread.java:1575)

mar 29, 2025 8:56:05 P. M. grupo10.messenger.backend.red.Server run
SEVERE: null
java.io.IOException: No se puedo generar conexion con el puerto desde el servidor
	at grupo10.messenger.backend.red.Server.iniciarServidor(Server.java:48)
	at grupo10.messenger.backend.red.Server.run(Server.java:63)
	at java.base/java.lang.Thread.run(Thread.java:1575)

]]></system-err>
  </testcase>
</testsuite>